<?xml version="1.0" encoding="UTF-8"?>
<!-- Generated by org.testng.reporters.JUnitXMLReporter -->
<testsuite ignored="0" hostname="Mosab" failures="0" tests="4" name="Default test" time="2.888" errors="0" timestamp="2024-10-24T19:08:45 EET">
  <testcase classname="MyTestCases" name="checkDefaultLanguage" time="0.053"/>
  <testcase classname="MyTestCases" name="checkDefaultCurrency" time="0.029"/>
  <testcase classname="MyTestCases" name="CheckContactNumber" time="0.023"/>
  <testcase classname="MyTestCases" name="checkQitafLogo" time="0.022"/>
</testsuite> <!-- Default test -->
