<?xml version="1.0" encoding="UTF-8"?>
<!-- Generated by org.testng.reporters.JUnitXMLReporter -->
<testsuite ignored="0" hostname="Mosab" failures="0" tests="10" name="Default test" time="67.405" errors="0" timestamp="2024-11-08T23:57:45 EET">
  <testcase classname="MyTestCases" name="checkDefaultLanguage" time="3.368"/>
  <testcase classname="MyTestCases" name="checkDefaultCurrency" time="3.369"/>
  <testcase classname="MyTestCases" name="CheckContactNumber" time="3.491"/>
  <testcase classname="MyTestCases" name="checkQitafLogo" time="3.364"/>
  <testcase classname="MyTestCases" name="checkHotelTabIsNotSelected" time="3.372"/>
  <testcase classname="MyTestCases" name="checkDepatureDate" time="3.336"/>
  <testcase classname="MyTestCases" name="checkReturnDate" time="3.321"/>
  <testcase classname="MyTestCases" name="randomlyChangeTheLanguage" time="30.375"/>
  <testcase classname="MyTestCases" name="checkThatThePageIsFullyLoaded" time="3.653"/>
  <testcase classname="MyTestCases" name="CheckTheSortOption" time="7.876"/>
</testsuite> <!-- Default test -->
