<?xml version="1.0" encoding="UTF-8"?>
<testng-results ignored="0" total="10" passed="10" failed="0" skipped="0">
  <reporter-output>
  </reporter-output>
  <suite started-at="2024-10-27T23:50:41 EET" name="Default suite" finished-at="2024-10-27T23:51:24 EET" duration-ms="43153">
    <groups>
    </groups>
    <test started-at="2024-10-27T23:50:41 EET" name="Default test" finished-at="2024-10-27T23:51:24 EET" duration-ms="43153">
      <class name="MyTestCases">
        <test-method is-config="true" signature="mysetup()[pri:0, instance:MyTestCases@5f6722d3]" started-at="2024-10-27T23:50:41 EET" name="mysetup" finished-at="2024-10-27T23:50:45 EET" duration-ms="3658" status="PASS">
          <reporter-output>
          </reporter-output>
        </test-method> <!-- mysetup -->
        <test-method signature="checkDefaultLanguage()[pri:1, instance:MyTestCases@5f6722d3]" started-at="2024-10-27T23:50:45 EET" name="checkDefaultLanguage" finished-at="2024-10-27T23:50:45 EET" duration-ms="36" status="PASS">
          <reporter-output>
          </reporter-output>
        </test-method> <!-- checkDefaultLanguage -->
        <test-method signature="checkDefaultCurrency()[pri:2, instance:MyTestCases@5f6722d3]" started-at="2024-10-27T23:50:45 EET" name="checkDefaultCurrency" finished-at="2024-10-27T23:50:45 EET" duration-ms="20" status="PASS">
          <reporter-output>
          </reporter-output>
        </test-method> <!-- checkDefaultCurrency -->
        <test-method signature="CheckContactNumber()[pri:3, instance:MyTestCases@5f6722d3]" started-at="2024-10-27T23:50:45 EET" name="CheckContactNumber" finished-at="2024-10-27T23:50:45 EET" duration-ms="21" status="PASS">
          <reporter-output>
          </reporter-output>
        </test-method> <!-- CheckContactNumber -->
        <test-method signature="checkQitafLogo()[pri:4, instance:MyTestCases@5f6722d3]" started-at="2024-10-27T23:50:45 EET" name="checkQitafLogo" finished-at="2024-10-27T23:50:45 EET" duration-ms="49" status="PASS">
          <reporter-output>
          </reporter-output>
        </test-method> <!-- checkQitafLogo -->
        <test-method signature="checkHotelTabIsNotSelected()[pri:5, instance:MyTestCases@5f6722d3]" started-at="2024-10-27T23:50:45 EET" name="checkHotelTabIsNotSelected" finished-at="2024-10-27T23:50:45 EET" duration-ms="25" status="PASS">
          <reporter-output>
          </reporter-output>
        </test-method> <!-- checkHotelTabIsNotSelected -->
        <test-method signature="checkDepatureDate()[pri:6, instance:MyTestCases@5f6722d3]" started-at="2024-10-27T23:50:45 EET" name="checkDepatureDate" finished-at="2024-10-27T23:50:45 EET" duration-ms="20" status="PASS">
          <reporter-output>
          </reporter-output>
        </test-method> <!-- checkDepatureDate -->
        <test-method signature="checkReturnDate()[pri:7, instance:MyTestCases@5f6722d3]" started-at="2024-10-27T23:50:45 EET" name="checkReturnDate" finished-at="2024-10-27T23:50:45 EET" duration-ms="18" status="PASS">
          <reporter-output>
          </reporter-output>
        </test-method> <!-- checkReturnDate -->
        <test-method signature="randomlyChangeTheLanguage()[pri:8, instance:MyTestCases@5f6722d3]" started-at="2024-10-27T23:50:45 EET" name="randomlyChangeTheLanguage" finished-at="2024-10-27T23:51:21 EET" duration-ms="35930" status="PASS">
          <reporter-output>
          </reporter-output>
        </test-method> <!-- randomlyChangeTheLanguage -->
        <test-method signature="checkThatThePageIsFullyLoaded()[pri:9, instance:MyTestCases@5f6722d3]" started-at="2024-10-27T23:51:21 EET" name="checkThatThePageIsFullyLoaded" finished-at="2024-10-27T23:51:21 EET" duration-ms="31" status="PASS">
          <reporter-output>
          </reporter-output>
        </test-method> <!-- checkThatThePageIsFullyLoaded -->
        <test-method signature="CheckTheSortOption()[pri:10, instance:MyTestCases@5f6722d3]" started-at="2024-10-27T23:51:21 EET" name="CheckTheSortOption" finished-at="2024-10-27T23:51:24 EET" duration-ms="3317" status="PASS">
          <reporter-output>
          </reporter-output>
        </test-method> <!-- CheckTheSortOption -->
      </class> <!-- MyTestCases -->
    </test> <!-- Default test -->
  </suite> <!-- Default suite -->
</testng-results>
